# JRE version: Java(TM) SE Runtime Environment (8.0_112-b15) (build 1.8.0_112-b15)
# Java VM: Java HotSpot(TM) 64-Bit Server VM (25.112-b15 mixed mode windows-amd64 compressed oops)
Heap:
 PSYoungGen      total 487424K, used 223815K [0x000000076b400000, 0x000000078b380000, 0x00000007c0000000)
  eden space 481792K, 46% used [0x000000076b400000,0x0000000778e91cc8,0x0000000788a80000)
  from space 5632K, 0% used [0x0000000788a80000,0x0000000788a80000,0x0000000789000000)
  to   space 20992K, 0% used [0x0000000789f00000,0x0000000789f00000,0x000000078b380000)
 ParOldGen       total 147968K, used 32767K [0x00000006c1c00000, 0x00000006cac80000, 0x000000076b400000)
  object space 147968K, 22% used [0x00000006c1c00000,0x00000006c3bffc68,0x00000006cac80000)
 Metaspace       used 68242K, capacity 71296K, committed 71512K, reserved 1112064K
  class space    used 8668K, capacity 9225K, committed 9304K, reserved 1048576K
GC Heap History (10 events):
Event: 2248.132 GC heap before
{Heap before GC invocations=20 (full 7):
 PSYoungGen      total 503808K, used 5206K [0x000000076b400000, 0x000000078b580000, 0x00000007c0000000)
  eden space 481792K, 0% used [0x000000076b400000,0x000000076b400000,0x0000000788a80000)
  from space 22016K, 23% used [0x0000000788a80000,0x0000000788f95a88,0x000000078a000000)
  to   space 22016K, 0% used [0x000000078a000000,0x000000078a000000,0x000000078b580000)
 ParOldGen       total 147968K, used 32048K [0x00000006c1c00000, 0x00000006cac80000, 0x000000076b400000)
  object space 147968K, 21% used [0x00000006c1c00000,0x00000006c3b4c2f8,0x00000006cac80000)
 Metaspace       used 66410K, capacity 69266K, committed 69464K, reserved 1110016K
  class space    used 8537K, capacity 9027K, committed 9048K, reserved 1048576K
Event: 2248.354 GC heap after
Heap after GC invocations=20 (full 7):
 PSYoungGen      total 503808K, used 0K [0x000000076b400000, 0x000000078b580000, 0x00000007c0000000)
  eden space 481792K, 0% used [0x000000076b400000,0x000000076b400000,0x0000000788a80000)
  from space 22016K, 0% used [0x0000000788a80000,0x0000000788a80000,0x000000078a000000)
  to   space 22016K, 0% used [0x000000078a000000,0x000000078a000000,0x000000078b580000)
 ParOldGen       total 147968K, used 32292K [0x00000006c1c00000, 0x00000006cac80000, 0x000000076b400000)
  object space 147968K, 21% used [0x00000006c1c00000,0x00000006c3b892d8,0x00000006cac80000)
 Metaspace       used 66408K, capacity 69260K, committed 69464K, reserved 1110016K
  class space    used 8536K, capacity 9025K, committed 9048K, reserved 1048576K
}
Event: 2344.860 GC heap before
{Heap before GC invocations=21 (full 7):
 PSYoungGen      total 503808K, used 220180K [0x000000076b400000, 0x000000078b580000, 0x00000007c0000000)
  eden space 481792K, 45% used [0x000000076b400000,0x0000000778b05000,0x0000000788a80000)
  from space 22016K, 0% used [0x0000000788a80000,0x0000000788a80000,0x000000078a000000)
  to   space 22016K, 0% used [0x000000078a000000,0x000000078a000000,0x000000078b580000)
 ParOldGen       total 147968K, used 32292K [0x00000006c1c00000, 0x00000006cac80000, 0x000000076b400000)
  object space 147968K, 21% used [0x00000006c1c00000,0x00000006c3b892d8,0x00000006cac80000)
 Metaspace       used 67033K, capacity 70002K, committed 70104K, reserved 1110016K
  class space    used 8578K, capacity 9083K, committed 9176K, reserved 1048576K
Event: 2344.866 GC heap after
Heap after GC invocations=21 (full 7):
 PSYoungGen      total 502784K, used 4932K [0x000000076b400000, 0x000000078b480000, 0x00000007c0000000)
  eden space 481792K, 0% used [0x000000076b400000,0x000000076b400000,0x0000000788a80000)
  from space 20992K, 23% used [0x000000078a000000,0x000000078a4d13e8,0x000000078b480000)
  to   space 21504K, 0% used [0x0000000788a80000,0x0000000788a80000,0x0000000789f80000)
 ParOldGen       total 147968K, used 32300K [0x00000006c1c00000, 0x00000006cac80000, 0x000000076b400000)
  object space 147968K, 21% used [0x00000006c1c00000,0x00000006c3b8b2d8,0x00000006cac80000)
 Metaspace       used 67033K, capacity 70002K, committed 70104K, reserved 1110016K
  class space    used 8578K, capacity 9083K, committed 9176K, reserved 1048576K
}
Event: 2344.866 GC heap before
{Heap before GC invocations=22 (full 8):
 PSYoungGen      total 502784K, used 4932K [0x000000076b400000, 0x000000078b480000, 0x00000007c0000000)
  eden space 481792K, 0% used [0x000000076b400000,0x000000076b400000,0x0000000788a80000)
  from space 20992K, 23% used [0x000000078a000000,0x000000078a4d13e8,0x000000078b480000)
  to   space 21504K, 0% used [0x0000000788a80000,0x0000000788a80000,0x0000000789f80000)
 ParOldGen       total 147968K, used 32300K [0x00000006c1c00000, 0x00000006cac80000, 0x000000076b400000)
  object space 147968K, 21% used [0x00000006c1c00000,0x00000006c3b8b2d8,0x00000006cac80000)
 Metaspace       used 67033K, capacity 70002K, committed 70104K, reserved 1110016K
  class space    used 8578K, capacity 9083K, committed 9176K, reserved 1048576K
Event: 2344.994 GC heap after
Heap after GC invocations=22 (full 8):
 PSYoungGen      total 502784K, used 0K [0x000000076b400000, 0x000000078b480000, 0x00000007c0000000)
  eden space 481792K, 0% used [0x000000076b400000,0x000000076b400000,0x0000000788a80000)
  from space 20992K, 0% used [0x000000078a000000,0x000000078a000000,0x000000078b480000)
  to   space 21504K, 0% used [0x0000000788a80000,0x0000000788a80000,0x0000000789f80000)
 ParOldGen       total 147968K, used 32389K [0x00000006c1c00000, 0x00000006cac80000, 0x000000076b400000)
  object space 147968K, 21% used [0x00000006c1c00000,0x00000006c3ba1598,0x00000006cac80000)
 Metaspace       used 67031K, capacity 69996K, committed 70104K, reserved 1110016K
  class space    used 8577K, capacity 9081K, committed 9176K, reserved 1048576K
}
Event: 2806.784 GC heap before
{Heap before GC invocations=23 (full 8):
 PSYoungGen      total 502784K, used 262776K [0x000000076b400000, 0x000000078b480000, 0x00000007c0000000)
  eden space 481792K, 54% used [0x000000076b400000,0x000000077b49e278,0x0000000788a80000)
  from space 20992K, 0% used [0x000000078a000000,0x000000078a000000,0x000000078b480000)
  to   space 21504K, 0% used [0x0000000788a80000,0x0000000788a80000,0x0000000789f80000)
 ParOldGen       total 147968K, used 32389K [0x00000006c1c00000, 0x00000006cac80000, 0x000000076b400000)
  object space 147968K, 21% used [0x00000006c1c00000,0x00000006c3ba1598,0x00000006cac80000)
 Metaspace       used 67759K, capacity 70820K, committed 71000K, reserved 1112064K
  class space    used 8632K, capacity 9180K, committed 9304K, reserved 1048576K
Event: 2806.791 GC heap after
Heap after GC invocations=23 (full 8):
 PSYoungGen      total 487424K, used 5152K [0x000000076b400000, 0x000000078b380000, 0x00000007c0000000)
  eden space 481792K, 0% used [0x000000076b400000,0x000000076b400000,0x0000000788a80000)
  from space 5632K, 91% used [0x0000000788a80000,0x0000000788f882e8,0x0000000789000000)
  to   space 20992K, 0% used [0x0000000789f00000,0x0000000789f00000,0x000000078b380000)
 ParOldGen       total 147968K, used 32397K [0x00000006c1c00000, 0x00000006cac80000, 0x000000076b400000)
  object space 147968K, 21% used [0x00000006c1c00000,0x00000006c3ba3598,0x00000006cac80000)
 Metaspace       used 67759K, capacity 70820K, committed 71000K, reserved 1112064K
  class space    used 8632K, capacity 9180K, committed 9304K, reserved 1048576K
}
Event: 2806.791 GC heap before
{Heap before GC invocations=24 (full 9):
 PSYoungGen      total 487424K, used 5152K [0x000000076b400000, 0x000000078b380000, 0x00000007c0000000)
  eden space 481792K, 0% used [0x000000076b400000,0x000000076b400000,0x0000000788a80000)
  from space 5632K, 91% used [0x0000000788a80000,0x0000000788f882e8,0x0000000789000000)
  to   space 20992K, 0% used [0x0000000789f00000,0x0000000789f00000,0x000000078b380000)
 ParOldGen       total 147968K, used 32397K [0x00000006c1c00000, 0x00000006cac80000, 0x000000076b400000)
  object space 147968K, 21% used [0x00000006c1c00000,0x00000006c3ba3598,0x00000006cac80000)
 Metaspace       used 67759K, capacity 70820K, committed 71000K, reserved 1112064K
  class space    used 8632K, capacity 9180K, committed 9304K, reserved 1048576K
Event: 2806.995 GC heap after
Heap after GC invocations=24 (full 9):
 PSYoungGen      total 487424K, used 0K [0x000000076b400000, 0x000000078b380000, 0x00000007c0000000)
  eden space 481792K, 0% used [0x000000076b400000,0x000000076b400000,0x0000000788a80000)
  from space 5632K, 0% used [0x0000000788a80000,0x0000000788a80000,0x0000000789000000)
  to   space 20992K, 0% used [0x0000000789f00000,0x0000000789f00000,0x000000078b380000)
 ParOldGen       total 147968K, used 32767K [0x00000006c1c00000, 0x00000006cac80000, 0x000000076b400000)
  object space 147968K, 22% used [0x00000006c1c00000,0x00000006c3bffc68,0x00000006cac80000)
 Metaspace       used 67756K, capacity 70814K, committed 71000K, reserved 1112064K
  class space    used 8631K, capacity 9178K, committed 9304K, reserved 1048576K
}

